make all --print-data-base --no-builtin-variables --no-builtin-rules --question
make: *** No rule to make target 'all'.  Stop.

# GNU Make 4.2.1
# Built for x86_64-pc-linux-gnu
# Copyright (C) 1988-2016 Free Software Foundation, Inc.
# License GPLv3+: GNU GPL version 3 or later <http://gnu.org/licenses/gpl.html>
# This is free software: you are free to change and redistribute it.
# There is NO WARRANTY, to the extent permitted by law.

# Make data base, printed on Sun May 22 08:45:09 2022

# Variables

# automatic
<D = $(patsubst %/,%,$(dir $<))
# automatic
?F = $(notdir $?)
# default
.SHELLFLAGS := -c
# environment
XDG_SESSION_CLASS = user
# environment
VSCODE_AGENT_FOLDER = /home/c9/.vscode-server
# environment
XDG_SESSION_TYPE = tty
# environment
VSCODE_LOG_NATIVE = false
# environment
HIP_CLANG_PATH = /home/c9/amd/llvm/bin/
# automatic
?D = $(patsubst %/,%,$(dir $?))
# automatic
@D = $(patsubst %/,%,$(dir $@))
# automatic
@F = $(notdir $@)
# default
MAKE_VERSION := 4.2.1
# makefile
CURDIR := /home/c9/ws/rr/HIP-Optimization-Bug
# makefile
SHELL = /bin/sh
# environment
VSCODE_NLS_CONFIG = {"locale":"en","availableLanguages":{}}
# environment
_ = /home/c9/.vscode-server/bin/dfd34e8260c270da74b5c2d86d61aee4b6d56977/node
# makefile (from 'Makefile', line 1)
MAKEFILE_LIST :=  Makefile
# 'override' directive
GNUMAKEFLAGS := 
# makefile (from 'Makefile', line 7)
CXXFLAGS = -std=c++14 -O3 -I/opt/include/
# environment
XDG_DATA_DIRS = /usr/local/share:/usr/share:/var/lib/snapd/desktop
# environment
DBUS_SESSION_BUS_ADDRESS = unix:path=/run/user/1000/bus
# environment
VSCODE_VERBOSE_LOGGING = true
# environment
LESSOPEN = | /usr/bin/lesspipe %s
# environment
VSCODE_CWD = /home/c9
# environment
SSH_CONNECTION = 94.183.86.148 50303 192.168.0.161 22
# environment
PATH = /home/c9/.vscode-server/bin/dfd34e8260c270da74b5c2d86d61aee4b6d56977/bin/remote-cli:/home/c9/.local/bin:/home/c9/.cargo/bin:/usr/local/sbin:/usr/local/bin:/usr/sbin:/usr/bin:/sbin:/bin:/usr/games:/usr/local/games:/snap/bin:/opt/rocm/bin:/opt/rocm/rocprofiler/bin:/opt/rocm/opencl/bin:/opt/rocm/bin:/opt/rocm/rocprofiler/bin:/opt/rocm/opencl/bin:/opt/rocm/bin:/opt/rocm/rocprofiler/bin:/opt/rocm/opencl/bin:/usr/local/go/bin:/usr/local/go/bin:/opt/rocm/lib
# environment
XDG_RUNTIME_DIR = /run/user/1000
# makefile (from 'Makefile', line 5)
HIPCC = $(HIP_PATH)/bin/hipcc
# environment
GPU_MAX_HEAP_SIZE = 100
# environment
LIBRARY_PATH = :/opt/rocm/lib/
# environment
VSCODE_LOG_STACK = false
# environment
VSCODE_IPC_HOOK_CLI = /run/user/1000/vscode-ipc-0cf34b8a-5704-4126-bee7-f2e180d3ebed.sock
# default
.FEATURES := target-specific order-only second-expansion else-if shortest-stem undefine oneshell archives jobserver output-sync check-symlink load
# environment
LS_COLORS = 
# automatic
%F = $(notdir $%)
# makefile (from 'Makefile', line 1)
HIP_PATH = $(wildcard /opt/rocm/hip)
# environment
VSCODE_PIPE_LOGGING = true
# environment
PWD = /home/c9/ws/rr/HIP-Optimization-Bug
# default
.LOADED := 
# automatic
*D = $(patsubst %/,%,$(dir $*))
# environment
VSCODE_AMD_ENTRYPOINT = vs/workbench/api/node/extensionHostProcess
# environment
HOME = /home/c9
# environment
LD_LIBRARY_PATH = :/opt/rocm/lib/
# environment
LESSCLOSE = /usr/bin/lesspipe %s %s
# environment
LOGNAME = c9
# environment
APPLICATION_INSIGHTS_NO_DIAGNOSTIC_CHANNEL = true
# automatic
+F = $(notdir $+)
# environment
VSCODE_HANDLES_UNCAUGHT_ERRORS = true
# automatic
^D = $(patsubst %/,%,$(dir $^))
# environment
MAKELEVEL := 0
# default
MAKE = $(MAKE_COMMAND)
# default
MAKECMDGOALS := all
# environment
SHLVL = 0
# environment
GPU_USE_SYNC_OBJECTS = 1
# environment
XDG_SESSION_ID = 287
# environment
USER = c9
# makefile
.DEFAULT_GOAL := g1_add
# environment
LIBVIRT_DEFAULT_URI = qemu:///system
# environment
GPU_SINGLE_ALLOC_PERCENT = 100
# automatic
%D = $(patsubst %/,%,$(dir $%))
# environment
GPU_MAX_ALLOC_PERCENT = 100
# default
MAKE_COMMAND := make
# default
.VARIABLES := 
# automatic
*F = $(notdir $*)
# makefile
MAKEFLAGS = pqrR
# environment
MFLAGS = -pqrR
# environment
SSH_CLIENT = 94.183.86.148 50303 22
# automatic
+D = $(patsubst %/,%,$(dir $+))
# environment
BROWSER = /home/c9/.vscode-server/bin/dfd34e8260c270da74b5c2d86d61aee4b6d56977/bin/helpers/browser.sh
# 'override' directive
.SHELLSTATUS := 0
# default
MAKEFILES := 
# automatic
<F = $(notdir $<)
# environment
LC_ALL = C
# automatic
^F = $(notdir $^)
# default
SUFFIXES := 
# default
.INCLUDE_DIRS = /usr/include /usr/local/include /usr/include
# default
.RECIPEPREFIX := 
# default
MAKE_HOST := x86_64-pc-linux-gnu
# environment
LANG = C
# environment
VSCODE_EXTHOST_WILL_SEND_SOCKET = true
# environment
MOTD_SHOWN = pam
# variable set hash-table stats:
# Load=81/1024=8%, Rehash=0, Collisions=9/114=8%

# Pattern-specific Variable Values

# No pattern-specific variable values.

# Directories

# . (device 2051, inode 13108220): 13 files, no impossibilities.

# 13 files, no impossibilities in 1 directories.

# Implicit Rules

# No implicit rules.

# Files

# Not a target:
g1_add.cu:
#  Implicit rule search has not been done.
#  Modification time never checked.
#  File has not been updated.

# Not a target:
all:
#  Command line target.
#  Implicit rule search has been done.
#  File does not exist.
#  File has not been updated.

.PHONY: clean
#  Implicit rule search has not been done.
#  Modification time never checked.
#  File has not been updated.

# Not a target:
Makefile:
#  Implicit rule search has been done.
#  Last modified 2022-05-21 14:27:28.063494353
#  File has been updated.
#  Successfully updated.

g1_add: g1_add.cu
#  Implicit rule search has not been done.
#  Modification time never checked.
#  File has not been updated.
#  recipe to execute (from 'Makefile', line 11):
	${HIPCC} ${CXXFLAGS} -o $@ $^

# Not a target:
.DEFAULT:
#  Implicit rule search has not been done.
#  Modification time never checked.
#  File has not been updated.

clean:
#  Phony target (prerequisite of .PHONY).
#  Implicit rule search has not been done.
#  File does not exist.
#  File has not been updated.
#  recipe to execute (from 'Makefile', line 19):
	rm -f g1_add *.o

# files hash-table stats:
# Load=8/1024=1%, Rehash=0, Collisions=0/21=0%
# VPATH Search Paths

# No 'vpath' search paths.

# No general ('VPATH' variable) search path.

# strcache buffers: 1 (0) / strings = 21 / storage = 199 B / avg = 9 B
# current buf: size = 8162 B / used = 199 B / count = 21 / avg = 9 B

# strcache performance: lookups = 30 / hit rate = 30%
# hash-table stats:
# Load=21/8192=0%, Rehash=0, Collisions=1/30=3%
# Finished Make data base on Sun May 22 08:45:09 2022

 
